# JRE version: OpenJDK Runtime Environment (21.0.8) (build 21.0.8+-14196175-b1038.72)
# Java VM: OpenJDK 64-Bit Server VM (21.0.8+-14196175-b1038.72, mixed mode, tiered, compressed oops, compressed class ptrs, g1 gc, windows-amd64)
GC Precious Log:
 CardTable entry size: 512
 Card Set container configuration: InlinePtr #cards 5 size 8 Array Of Cards #cards 12 size 40 Howl #buckets 4 coarsen threshold 1843 Howl Bitmap #cards 512 size 80 coarsen threshold 460 Card regions per heap region 1 cards per card region 2048
 CPUs: 16 total, 16 available
 Memory: 16203M
 Large Page Support: Disabled
 NUMA Support: Disabled
 Compressed Oops: Enabled (32-bit)
 Heap Region Size: 1M
 Heap Min Capacity: 8M
 Heap Initial Capacity: 254M
 Heap Max Capacity: 2G
 Pre-touch: Disabled
 Parallel Workers: 13
 Concurrent Workers: 3
 Concurrent Refinement Workers: 13
 Periodic GC: Disabled
Heap:
 garbage-first heap   total 266240K, used 192919K [0x0000000080000000, 0x0000000100000000)
  region size 1024K, 9 young (9216K), 6 survivors (6144K)
 Metaspace       used 122848K, committed 125056K, reserved 1179648K
  class space    used 17191K, committed 18240K, reserved 1048576K
GC Heap History (20 events):
Event: 28.207 GC heap before
{Heap before GC invocations=33 (full 0):
 garbage-first heap   total 171008K, used 154790K [0x0000000080000000, 0x0000000100000000)
  region size 1024K, 57 young (58368K), 6 survivors (6144K)
 Metaspace       used 109907K, committed 112064K, reserved 1179648K
  class space    used 15474K, committed 16512K, reserved 1048576K
}
Event: 28.214 GC heap after
{Heap after GC invocations=34 (full 0):
 garbage-first heap   total 171008K, used 105479K [0x0000000080000000, 0x0000000100000000)
  region size 1024K, 7 young (7168K), 7 survivors (7168K)
 Metaspace       used 109907K, committed 112064K, reserved 1179648K
  class space    used 15474K, committed 16512K, reserved 1048576K
}
Event: 29.136 GC heap before
{Heap before GC invocations=35 (full 0):
 garbage-first heap   total 178176K, used 152583K [0x0000000080000000, 0x0000000100000000)
  region size 1024K, 53 young (54272K), 7 survivors (7168K)
 Metaspace       used 114231K, committed 116352K, reserved 1179648K
  class space    used 16128K, committed 17152K, reserved 1048576K
}
Event: 29.143 GC heap after
{Heap after GC invocations=36 (full 0):
 garbage-first heap   total 178176K, used 107740K [0x0000000080000000, 0x0000000100000000)
  region size 1024K, 6 young (6144K), 6 survivors (6144K)
 Metaspace       used 114231K, committed 116352K, reserved 1179648K
  class space    used 16128K, committed 17152K, reserved 1048576K
}
Event: 29.732 GC heap before
{Heap before GC invocations=36 (full 0):
 garbage-first heap   total 178176K, used 159964K [0x0000000080000000, 0x0000000100000000)
  region size 1024K, 57 young (58368K), 6 survivors (6144K)
 Metaspace       used 116165K, committed 118336K, reserved 1179648K
  class space    used 16400K, committed 17472K, reserved 1048576K
}
Event: 29.740 GC heap after
{Heap after GC invocations=37 (full 0):
 garbage-first heap   total 178176K, used 112818K [0x0000000080000000, 0x0000000100000000)
  region size 1024K, 8 young (8192K), 8 survivors (8192K)
 Metaspace       used 116165K, committed 118336K, reserved 1179648K
  class space    used 16400K, committed 17472K, reserved 1048576K
}
Event: 30.153 GC heap before
{Heap before GC invocations=37 (full 0):
 garbage-first heap   total 178176K, used 158898K [0x0000000080000000, 0x0000000100000000)
  region size 1024K, 53 young (54272K), 8 survivors (8192K)
 Metaspace       used 116696K, committed 118912K, reserved 1179648K
  class space    used 16450K, committed 17536K, reserved 1048576K
}
Event: 30.162 GC heap after
{Heap after GC invocations=38 (full 0):
 garbage-first heap   total 178176K, used 120259K [0x0000000080000000, 0x0000000100000000)
  region size 1024K, 7 young (7168K), 7 survivors (7168K)
 Metaspace       used 116696K, committed 118912K, reserved 1179648K
  class space    used 16450K, committed 17536K, reserved 1048576K
}
Event: 32.402 GC heap before
{Heap before GC invocations=39 (full 0):
 garbage-first heap   total 201728K, used 159171K [0x0000000080000000, 0x0000000100000000)
  region size 1024K, 45 young (46080K), 7 survivors (7168K)
 Metaspace       used 118810K, committed 121024K, reserved 1179648K
  class space    used 16816K, committed 17920K, reserved 1048576K
}
Event: 32.411 GC heap after
{Heap after GC invocations=40 (full 0):
 garbage-first heap   total 201728K, used 126976K [0x0000000080000000, 0x0000000100000000)
  region size 1024K, 6 young (6144K), 6 survivors (6144K)
 Metaspace       used 118810K, committed 121024K, reserved 1179648K
  class space    used 16816K, committed 17920K, reserved 1048576K
}
Event: 33.501 GC heap before
{Heap before GC invocations=40 (full 0):
 garbage-first heap   total 201728K, used 183296K [0x0000000080000000, 0x0000000100000000)
  region size 1024K, 62 young (63488K), 6 survivors (6144K)
 Metaspace       used 118862K, committed 121088K, reserved 1179648K
  class space    used 16820K, committed 17920K, reserved 1048576K
}
Event: 33.509 GC heap after
{Heap after GC invocations=41 (full 0):
 garbage-first heap   total 201728K, used 129580K [0x0000000080000000, 0x0000000100000000)
  region size 1024K, 6 young (6144K), 6 survivors (6144K)
 Metaspace       used 118862K, committed 121088K, reserved 1179648K
  class space    used 16820K, committed 17920K, reserved 1048576K
}
Event: 33.630 GC heap before
{Heap before GC invocations=41 (full 0):
 garbage-first heap   total 201728K, used 136748K [0x0000000080000000, 0x0000000100000000)
  region size 1024K, 15 young (15360K), 6 survivors (6144K)
 Metaspace       used 119033K, committed 121280K, reserved 1179648K
  class space    used 16861K, committed 17984K, reserved 1048576K
}
Event: 33.634 GC heap after
{Heap after GC invocations=42 (full 0):
 garbage-first heap   total 201728K, used 130687K [0x0000000080000000, 0x0000000100000000)
  region size 1024K, 2 young (2048K), 2 survivors (2048K)
 Metaspace       used 119033K, committed 121280K, reserved 1179648K
  class space    used 16861K, committed 17984K, reserved 1048576K
}
Event: 34.428 GC heap before
{Heap before GC invocations=43 (full 0):
 garbage-first heap   total 227328K, used 189055K [0x0000000080000000, 0x0000000100000000)
  region size 1024K, 52 young (53248K), 2 survivors (2048K)
 Metaspace       used 121879K, committed 124160K, reserved 1179648K
  class space    used 17098K, committed 18176K, reserved 1048576K
}
Event: 34.441 GC heap after
{Heap after GC invocations=44 (full 0):
 garbage-first heap   total 227328K, used 151206K [0x0000000080000000, 0x0000000100000000)
  region size 1024K, 7 young (7168K), 7 survivors (7168K)
 Metaspace       used 121879K, committed 124160K, reserved 1179648K
  class space    used 17098K, committed 18176K, reserved 1048576K
}
Event: 34.999 GC heap before
{Heap before GC invocations=44 (full 0):
 garbage-first heap   total 227328K, used 200358K [0x0000000080000000, 0x0000000100000000)
  region size 1024K, 49 young (50176K), 7 survivors (7168K)
 Metaspace       used 122661K, committed 124864K, reserved 1179648K
  class space    used 17180K, committed 18240K, reserved 1048576K
}
Event: 35.011 GC heap after
{Heap after GC invocations=45 (full 0):
 garbage-first heap   total 227328K, used 158720K [0x0000000080000000, 0x0000000100000000)
  region size 1024K, 7 young (7168K), 7 survivors (7168K)
 Metaspace       used 122661K, committed 124864K, reserved 1179648K
  class space    used 17180K, committed 18240K, reserved 1048576K
}
Event: 35.283 GC heap before
{Heap before GC invocations=45 (full 0):
 garbage-first heap   total 227328K, used 187392K [0x0000000080000000, 0x0000000100000000)
  region size 1024K, 36 young (36864K), 7 survivors (7168K)
 Metaspace       used 122761K, committed 124992K, reserved 1179648K
  class space    used 17187K, committed 18240K, reserved 1048576K
}
Event: 35.293 GC heap after
{Heap after GC invocations=46 (full 0):
 garbage-first heap   total 227328K, used 165271K [0x0000000080000000, 0x0000000100000000)
  region size 1024K, 6 young (6144K), 6 survivors (6144K)
 Metaspace       used 122761K, committed 124992K, reserved 1179648K
  class space    used 17187K, committed 18240K, reserved 1048576K
}

